{
"/Users/pearpages/code/learning/pro-angular2-adam-freeman/echoes/src/app/app.component.ts":{"path":"/Users/pearpages/code/learning/pro-angular2-adam-freeman/echoes/src/app/app.component.ts","s":{"1":1,"2":1,"3":1,"4":1,"5":3,"6":3,"7":3,"8":1,"9":1,"10":1,"11":0,"12":0,"13":1,"14":0,"15":0,"16":1,"17":1,"18":1,"19":1,"20":0,"21":1},"b":{"1":[0,0],"2":[1,1,0],"3":[1,1],"4":[1,1,0],"5":[1,1],"6":[1,1,0],"7":[1,1]},"f":{"1":1,"2":3,"3":1,"4":0,"5":0,"6":0,"7":0},"fnMap":{"1":{"name":"(anonymous_1)","line":13,"loc":{"start":{"line":13,"column":11},"end":{"line":13,"column":23}}},"2":{"name":"App","line":14,"loc":{"start":{"line":14,"column":4},"end":{"line":14,"column":67}}},"3":{"name":"(anonymous_3)","line":19,"loc":{"start":{"line":19,"column":32},"end":{"line":19,"column":49}}},"4":{"name":"(anonymous_4)","line":22,"loc":{"start":{"line":22,"column":37},"end":{"line":22,"column":54}}},"5":{"name":"(anonymous_5)","line":27,"loc":{"start":{"line":27,"column":34},"end":{"line":27,"column":52}}},"6":{"name":"(anonymous_6)","line":31,"loc":{"start":{"line":31,"column":30},"end":{"line":31,"column":47}}},"7":{"name":"(anonymous_7)","line":33,"loc":{"start":{"line":33,"column":32},"end":{"line":33,"column":44}}}},"statementMap":{"1":{"start":{"line":5,"column":0},"end":{"line":5,"column":38}},"2":{"start":{"line":7,"column":0},"end":{"line":7,"column":44}},"3":{"start":{"line":13,"column":0},"end":{"line":45,"column":5}},"4":{"start":{"line":14,"column":4},"end":{"line":18,"column":5}},"5":{"start":{"line":15,"column":8},"end":{"line":15,"column":43}},"6":{"start":{"line":16,"column":8},"end":{"line":16,"column":43}},"7":{"start":{"line":17,"column":8},"end":{"line":17,"column":53}},"8":{"start":{"line":19,"column":4},"end":{"line":21,"column":6}},"9":{"start":{"line":20,"column":8},"end":{"line":20,"column":61}},"10":{"start":{"line":22,"column":4},"end":{"line":26,"column":6}},"11":{"start":{"line":23,"column":8},"end":{"line":25,"column":9}},"12":{"start":{"line":24,"column":12},"end":{"line":24,"column":38}},"13":{"start":{"line":27,"column":4},"end":{"line":30,"column":6}},"14":{"start":{"line":28,"column":8},"end":{"line":28,"column":50}},"15":{"start":{"line":29,"column":8},"end":{"line":29,"column":75}},"16":{"start":{"line":31,"column":4},"end":{"line":32,"column":6}},"17":{"start":{"line":33,"column":4},"end":{"line":34,"column":6}},"18":{"start":{"line":35,"column":4},"end":{"line":42,"column":12}},"19":{"start":{"line":43,"column":4},"end":{"line":43,"column":15}},"20":{"start":{"line":44,"column":4},"end":{"line":44,"column":19}},"21":{"start":{"line":46,"column":0},"end":{"line":46,"column":18}}},"branchMap":{"1":{"line":23,"type":"if","locations":[{"start":{"line":23,"column":8},"end":{"line":23,"column":8}},{"start":{"line":23,"column":8},"end":{"line":23,"column":8}}]},"2":{"line":41,"type":"binary-expr","locations":[{"start":{"line":41,"column":42},"end":{"line":41,"column":146}},{"start":{"line":41,"column":150},"end":{"line":41,"column":152}},{"start":{"line":41,"column":157},"end":{"line":41,"column":163}}]},"3":{"line":41,"type":"binary-expr","locations":[{"start":{"line":41,"column":55},"end":{"line":41,"column":102}},{"start":{"line":41,"column":106},"end":{"line":41,"column":130}}]},"4":{"line":41,"type":"binary-expr","locations":[{"start":{"line":41,"column":166},"end":{"line":41,"column":284}},{"start":{"line":41,"column":288},"end":{"line":41,"column":290}},{"start":{"line":41,"column":295},"end":{"line":41,"column":301}}]},"5":{"line":41,"type":"binary-expr","locations":[{"start":{"line":41,"column":179},"end":{"line":41,"column":233}},{"start":{"line":41,"column":237},"end":{"line":41,"column":268}}]},"6":{"line":41,"type":"binary-expr","locations":[{"start":{"line":41,"column":304},"end":{"line":41,"column":418}},{"start":{"line":41,"column":422},"end":{"line":41,"column":424}},{"start":{"line":41,"column":429},"end":{"line":41,"column":435}}]},"7":{"line":41,"type":"binary-expr","locations":[{"start":{"line":41,"column":317},"end":{"line":41,"column":369}},{"start":{"line":41,"column":373},"end":{"line":41,"column":402}}]}},"code":["\"use strict\";","/*"," * Angular 2 decorators and services"," */","var core_1 = require('@angular/core');","// SERVICES","var services_1 = require('./core/services');","// import { Notify } from \"@ngrx/notify\";","/*"," * App Component"," * Top Level Component"," */","var App = (function () {","    function App(youtubeSearch, playerService, nowPlaylistService) {","        this.youtubeSearch = youtubeSearch;","        this.playerService = playerService;","        this.nowPlaylistService = nowPlaylistService;","    }","    App.prototype.selectVideo = function (media) {","        this.nowPlaylistService.updateIndexByMedia(media.id);","    };","    App.prototype.handleVideoEnded = function (state) {","        if (!this.isLastIndex()) {","            this.playNextVideo(state);","        }","    };","    App.prototype.playNextVideo = function (player) {","        this.nowPlaylistService.selectNextIndex();","        this.playerService.playVideo(this.nowPlaylistService.getCurrent());","    };","    App.prototype.sortVideo = function (media) {","    };","    App.prototype.isLastIndex = function () {","    };","    App = __decorate([","        core_1.Component({","            selector: 'app',","            encapsulation: core_1.ViewEncapsulation.None,","            template: require('./app.html')","        }), ","        __metadata('design:paramtypes', [(typeof (_a = typeof services_1.YoutubeSearch !== 'undefined' && services_1.YoutubeSearch) === 'function' && _a) || Object, (typeof (_b = typeof services_1.YoutubePlayerService !== 'undefined' && services_1.YoutubePlayerService) === 'function' && _b) || Object, (typeof (_c = typeof services_1.NowPlaylistService !== 'undefined' && services_1.NowPlaylistService) === 'function' && _c) || Object])","    ], App);","    return App;","    var _a, _b, _c;","}());","exports.App = App;",""],"l":{"5":1,"7":1,"13":1,"14":1,"15":3,"16":3,"17":3,"19":1,"20":1,"22":1,"23":0,"24":0,"27":1,"28":0,"29":0,"31":1,"33":1,"35":1,"43":1,"44":0,"46":1}},
"/Users/pearpages/code/learning/pro-angular2-adam-freeman/echoes/src/app/core/services/index.ts":{"path":"/Users/pearpages/code/learning/pro-angular2-adam-freeman/echoes/src/app/core/services/index.ts","s":{"1":1,"2":7,"3":7,"4":7,"5":1,"6":1,"7":1,"8":1,"9":1,"10":1,"11":1,"12":1,"13":1,"14":1,"15":1,"16":1,"17":1,"18":1,"19":1},"b":{"1":[7,0]},"f":{"1":7},"fnMap":{"1":{"name":"__export","line":2,"loc":{"start":{"line":2,"column":0},"end":{"line":2,"column":21}}}},"statementMap":{"1":{"start":{"line":2,"column":0},"end":{"line":4,"column":1}},"2":{"start":{"line":3,"column":4},"end":{"line":3,"column":71}},"3":{"start":{"line":3,"column":21},"end":{"line":3,"column":71}},"4":{"start":{"line":3,"column":53},"end":{"line":3,"column":71}},"5":{"start":{"line":5,"column":0},"end":{"line":5,"column":63}},"6":{"start":{"line":6,"column":0},"end":{"line":6,"column":51}},"7":{"start":{"line":7,"column":0},"end":{"line":7,"column":67}},"8":{"start":{"line":8,"column":0},"end":{"line":8,"column":63}},"9":{"start":{"line":9,"column":0},"end":{"line":9,"column":77}},"10":{"start":{"line":10,"column":0},"end":{"line":10,"column":61}},"11":{"start":{"line":11,"column":0},"end":{"line":11,"column":65}},"12":{"start":{"line":12,"column":0},"end":{"line":12,"column":44}},"13":{"start":{"line":13,"column":0},"end":{"line":13,"column":38}},"14":{"start":{"line":14,"column":0},"end":{"line":14,"column":46}},"15":{"start":{"line":15,"column":0},"end":{"line":15,"column":44}},"16":{"start":{"line":16,"column":0},"end":{"line":16,"column":51}},"17":{"start":{"line":17,"column":0},"end":{"line":17,"column":43}},"18":{"start":{"line":18,"column":0},"end":{"line":18,"column":45}},"19":{"start":{"line":19,"column":0},"end":{"line":27,"column":2}}},"branchMap":{"1":{"line":3,"type":"if","locations":[{"start":{"line":3,"column":21},"end":{"line":3,"column":21}},{"start":{"line":3,"column":21},"end":{"line":3,"column":21}}]}},"code":["\"use strict\";","function __export(m) {","    for (var p in m) if (!exports.hasOwnProperty(p)) exports[p] = m[p];","}","var user_profile_service_1 = require('./user-profile.service');","var youtube_search_1 = require('./youtube.search');","var youtube_player_service_1 = require('./youtube-player.service');","var now_playlist_service_1 = require('./now-playlist.service');","var youtube_videos_info_service_1 = require('./youtube-videos-info.service');","var gapi_loader_service_1 = require('./gapi-loader.service');","var authorization_service_1 = require('./authorization.service');","__export(require('./user-profile.service'));","__export(require('./youtube.search'));","__export(require('./youtube-player.service'));","__export(require('./now-playlist.service'));","__export(require('./youtube-videos-info.service'));","__export(require('./gapi-loader.service'));","__export(require('./authorization.service'));","exports.APP_SERVICES = [","    user_profile_service_1.UserProfile,","    youtube_search_1.YoutubeSearch,","    youtube_player_service_1.YoutubePlayerService,","    now_playlist_service_1.NowPlaylistService,","    youtube_videos_info_service_1.YoutubeVideosInfo,","    gapi_loader_service_1.GapiLoader,","    authorization_service_1.Authorization","];",""],"l":{"2":1,"3":7,"5":1,"6":1,"7":1,"8":1,"9":1,"10":1,"11":1,"12":1,"13":1,"14":1,"15":1,"16":1,"17":1,"18":1,"19":1}},
"/Users/pearpages/code/learning/pro-angular2-adam-freeman/echoes/src/app/core/services/user-profile.service.ts":{"path":"/Users/pearpages/code/learning/pro-angular2-adam-freeman/echoes/src/app/core/services/user-profile.service.ts","s":{"1":1,"2":1,"3":1,"4":1,"5":1,"6":1,"7":0,"8":0,"9":0,"10":0,"11":0,"12":0,"13":1,"14":0,"15":1,"16":0,"17":0,"18":0,"19":0,"20":0,"21":0,"22":0,"23":1,"24":0,"25":1,"26":0,"27":1,"28":0,"29":0,"30":0,"31":0,"32":0,"33":0,"34":1,"35":0,"36":0,"37":1,"38":1,"39":0,"40":1},"b":{"1":[0,0],"2":[0,0],"3":[1,1,0],"4":[1,1],"5":[1,1,0],"6":[1,1],"7":[1,1,0],"8":[1,1]},"f":{"1":1,"2":0,"3":0,"4":0,"5":0,"6":0,"7":0,"8":0,"9":0,"10":0},"fnMap":{"1":{"name":"(anonymous_1)","line":6,"loc":{"start":{"line":6,"column":19},"end":{"line":6,"column":31}}},"2":{"name":"UserProfile","line":7,"loc":{"start":{"line":7,"column":4},"end":{"line":7,"column":56}}},"3":{"name":"(anonymous_3)","line":29,"loc":{"start":{"line":29,"column":43},"end":{"line":29,"column":60}}},"4":{"name":"(anonymous_4)","line":33,"loc":{"start":{"line":33,"column":41},"end":{"line":33,"column":62}}},"5":{"name":"(anonymous_5)","line":45,"loc":{"start":{"line":45,"column":44},"end":{"line":45,"column":65}}},"6":{"name":"(anonymous_6)","line":48,"loc":{"start":{"line":48,"column":43},"end":{"line":48,"column":55}}},"7":{"name":"(anonymous_7)","line":51,"loc":{"start":{"line":51,"column":47},"end":{"line":51,"column":69}}},"8":{"name":"(anonymous_8)","line":56,"loc":{"start":{"line":56,"column":18},"end":{"line":56,"column":38}}},"9":{"name":"(anonymous_9)","line":57,"loc":{"start":{"line":57,"column":46},"end":{"line":57,"column":63}}},"10":{"name":"(anonymous_10)","line":61,"loc":{"start":{"line":61,"column":41},"end":{"line":61,"column":58}}}},"statementMap":{"1":{"start":{"line":2,"column":0},"end":{"line":2,"column":38}},"2":{"start":{"line":3,"column":0},"end":{"line":3,"column":38}},"3":{"start":{"line":4,"column":0},"end":{"line":4,"column":61}},"4":{"start":{"line":5,"column":0},"end":{"line":5,"column":77}},"5":{"start":{"line":6,"column":0},"end":{"line":72,"column":5}},"6":{"start":{"line":7,"column":4},"end":{"line":28,"column":5}},"7":{"start":{"line":8,"column":8},"end":{"line":8,"column":25}},"8":{"start":{"line":9,"column":8},"end":{"line":9,"column":25}},"9":{"start":{"line":10,"column":8},"end":{"line":10,"column":51}},"10":{"start":{"line":11,"column":8},"end":{"line":11,"column":33}},"11":{"start":{"line":12,"column":8},"end":{"line":16,"column":11}},"12":{"start":{"line":20,"column":8},"end":{"line":27,"column":11}},"13":{"start":{"line":29,"column":4},"end":{"line":32,"column":6}},"14":{"start":{"line":31,"column":8},"end":{"line":31,"column":46}},"15":{"start":{"line":33,"column":4},"end":{"line":44,"column":6}},"16":{"start":{"line":34,"column":8},"end":{"line":34,"column":55}},"17":{"start":{"line":35,"column":8},"end":{"line":37,"column":9}},"18":{"start":{"line":36,"column":12},"end":{"line":36,"column":19}},"19":{"start":{"line":38,"column":8},"end":{"line":40,"column":9}},"20":{"start":{"line":39,"column":12},"end":{"line":39,"column":44}},"21":{"start":{"line":42,"column":8},"end":{"line":42,"column":32}},"22":{"start":{"line":43,"column":8},"end":{"line":43,"column":40}},"23":{"start":{"line":45,"column":4},"end":{"line":47,"column":6}},"24":{"start":{"line":46,"column":8},"end":{"line":46,"column":58}},"25":{"start":{"line":48,"column":4},"end":{"line":50,"column":6}},"26":{"start":{"line":49,"column":8},"end":{"line":49,"column":51}},"27":{"start":{"line":51,"column":4},"end":{"line":60,"column":6}},"28":{"start":{"line":52,"column":8},"end":{"line":52,"column":25}},"29":{"start":{"line":53,"column":8},"end":{"line":53,"column":62}},"30":{"start":{"line":54,"column":8},"end":{"line":59,"column":11}},"31":{"start":{"line":57,"column":12},"end":{"line":57,"column":119}},"32":{"start":{"line":57,"column":65},"end":{"line":57,"column":105}},"33":{"start":{"line":58,"column":12},"end":{"line":58,"column":62}},"34":{"start":{"line":61,"column":4},"end":{"line":65,"column":6}},"35":{"start":{"line":62,"column":8},"end":{"line":62,"column":68}},"36":{"start":{"line":64,"column":8},"end":{"line":64,"column":37}},"37":{"start":{"line":66,"column":4},"end":{"line":69,"column":20}},"38":{"start":{"line":70,"column":4},"end":{"line":70,"column":23}},"39":{"start":{"line":71,"column":4},"end":{"line":71,"column":19}},"40":{"start":{"line":73,"column":0},"end":{"line":73,"column":34}}},"branchMap":{"1":{"line":35,"type":"if","locations":[{"start":{"line":35,"column":8},"end":{"line":35,"column":8}},{"start":{"line":35,"column":8},"end":{"line":35,"column":8}}]},"2":{"line":38,"type":"if","locations":[{"start":{"line":38,"column":8},"end":{"line":38,"column":8}},{"start":{"line":38,"column":8},"end":{"line":38,"column":8}}]},"3":{"line":68,"type":"binary-expr","locations":[{"start":{"line":68,"column":42},"end":{"line":68,"column":120}},{"start":{"line":68,"column":124},"end":{"line":68,"column":126}},{"start":{"line":68,"column":131},"end":{"line":68,"column":137}}]},"4":{"line":68,"type":"binary-expr","locations":[{"start":{"line":68,"column":55},"end":{"line":68,"column":89}},{"start":{"line":68,"column":93},"end":{"line":68,"column":104}}]},"5":{"line":68,"type":"binary-expr","locations":[{"start":{"line":68,"column":140},"end":{"line":68,"column":222}},{"start":{"line":68,"column":226},"end":{"line":68,"column":228}},{"start":{"line":68,"column":233},"end":{"line":68,"column":239}}]},"6":{"line":68,"type":"binary-expr","locations":[{"start":{"line":68,"column":153},"end":{"line":68,"column":189}},{"start":{"line":68,"column":193},"end":{"line":68,"column":206}}]},"7":{"line":68,"type":"binary-expr","locations":[{"start":{"line":68,"column":242},"end":{"line":68,"column":392}},{"start":{"line":68,"column":396},"end":{"line":68,"column":398}},{"start":{"line":68,"column":403},"end":{"line":68,"column":409}}]},"8":{"line":68,"type":"binary-expr","locations":[{"start":{"line":68,"column":255},"end":{"line":68,"column":325}},{"start":{"line":68,"column":329},"end":{"line":68,"column":376}}]}},"code":["\"use strict\";","var http_1 = require('@angular/http');","var core_1 = require('@angular/core');","var youtube_api_service_1 = require('./youtube-api.service');","var youtube_videos_info_service_1 = require('./youtube-videos-info.service');","var UserProfile = (function () {","    function UserProfile(http, zone, youtubeVideosInfo) {","        this.http = http;","        this.zone = zone;","        this.youtubeVideosInfo = youtubeVideosInfo;","        this.isSearching = false;","        this.playlistInfo = new youtube_api_service_1.YoutubeApiService({","            url: 'https://www.googleapis.com/youtube/v3/playlistItems',","            http: this.http,","            idKey: 'playlistId'","        });","        // TODO - extract to a Model / Reducer?","        // Reducer - because nextPageToken is changed","        // Model - new _config should be recreated easily with a new nextPageToken","        this.playlists = new youtube_api_service_1.YoutubeApiService({","            url: 'https://www.googleapis.com/youtube/v3/playlists',","            http: this.http,","            config: {","                mine: 'true',","                part: 'snippet,id,contentDetails'","            }","        });","    }","    UserProfile.prototype.setAccessToken = function (token) {","        // TODO - extract to a reducer","        return this.playlists.setToken(token);","    };","    UserProfile.prototype.getPlaylists = function (isNewPage) {","        var hasAccessToken = this.playlists.hasToken();","        if (!hasAccessToken) {","            return;","        }","        if (isNewPage) {","            this.playlists.resetPageToken();","        }","        // TODO - extract to a reducer or/and an @Effect - SEARCH_START, SEARCH_COMPLETED","        this.isSearching = true;","        return this.playlists.getList();","    };","    UserProfile.prototype.updatePageToken = function (pageToken) {","        this.playlists.config.set('pageToken', pageToken);","    };","    UserProfile.prototype.resetPageToken = function () {","        this.playlists.config.set('pageToken', '');","    };","    UserProfile.prototype.fetchPlaylistItems = function (playlistId) {","        var _this = this;","        var token = this.playlists.config.get('access_token');","        return this.playlistInfo","            .list(playlistId, token)","            .then(function (response) {","            var videoIds = response.items.map(function (video) { return video.snippet.resourceId.videoId; }).join(',');","            return _this.youtubeVideosInfo.api.list(videoIds);","        });","    };","    UserProfile.prototype.isTokenValid = function (token) {","        var accessToken = this.playlists.config.get('access_token');","        // TODO - should check if the current accessToken is still valid - google api","        return accessToken === token;","    };","    UserProfile = __decorate([","        core_1.Injectable(), ","        __metadata('design:paramtypes', [(typeof (_a = typeof http_1.Http !== 'undefined' && http_1.Http) === 'function' && _a) || Object, (typeof (_b = typeof core_1.NgZone !== 'undefined' && core_1.NgZone) === 'function' && _b) || Object, (typeof (_c = typeof youtube_videos_info_service_1.YoutubeVideosInfo !== 'undefined' && youtube_videos_info_service_1.YoutubeVideosInfo) === 'function' && _c) || Object])","    ], UserProfile);","    return UserProfile;","    var _a, _b, _c;","}());","exports.UserProfile = UserProfile;",""],"l":{"2":1,"3":1,"4":1,"5":1,"6":1,"7":1,"8":0,"9":0,"10":0,"11":0,"12":0,"20":0,"29":1,"31":0,"33":1,"34":0,"35":0,"36":0,"38":0,"39":0,"42":0,"43":0,"45":1,"46":0,"48":1,"49":0,"51":1,"52":0,"53":0,"54":0,"57":0,"58":0,"61":1,"62":0,"64":0,"66":1,"70":1,"71":0,"73":1}},
"/Users/pearpages/code/learning/pro-angular2-adam-freeman/echoes/src/app/core/services/youtube-api.service.ts":{"path":"/Users/pearpages/code/learning/pro-angular2-adam-freeman/echoes/src/app/core/services/youtube-api.service.ts","s":{"1":1,"2":1,"3":1,"4":1,"5":0,"6":0,"7":0,"8":0,"9":0,"10":0,"11":0,"12":0,"13":0,"14":0,"15":1,"16":0,"17":0,"18":0,"19":1,"20":0,"21":1,"22":0,"23":1,"24":0,"25":0,"26":0,"27":0,"28":1,"29":0,"30":0,"31":0,"32":0,"33":0,"34":1,"35":0,"36":0,"37":0,"38":0,"39":0,"40":0,"41":0,"42":0,"43":0,"44":0,"45":1,"46":0,"47":0,"48":1,"49":0,"50":1,"51":1},"b":{"1":[0,0],"2":[0,0],"3":[0,0],"4":[0,0],"5":[0,0],"6":[0,0],"7":[0,0],"8":[0,0]},"f":{"1":1,"2":0,"3":0,"4":0,"5":0,"6":0,"7":0,"8":0,"9":0,"10":0,"11":0,"12":0,"13":0,"14":0},"fnMap":{"1":{"name":"(anonymous_1)","line":4,"loc":{"start":{"line":4,"column":25},"end":{"line":4,"column":37}}},"2":{"name":"YoutubeApiService","line":5,"loc":{"start":{"line":5,"column":4},"end":{"line":5,"column":40}}},"3":{"name":"(anonymous_3)","line":19,"loc":{"start":{"line":19,"column":44},"end":{"line":19,"column":62}}},"4":{"name":"(anonymous_4)","line":21,"loc":{"start":{"line":21,"column":36},"end":{"line":21,"column":54}}},"5":{"name":"(anonymous_5)","line":25,"loc":{"start":{"line":25,"column":43},"end":{"line":25,"column":60}}},"6":{"name":"(anonymous_6)","line":28,"loc":{"start":{"line":28,"column":43},"end":{"line":28,"column":55}}},"7":{"name":"(anonymous_7)","line":31,"loc":{"start":{"line":31,"column":46},"end":{"line":31,"column":58}}},"8":{"name":"(anonymous_8)","line":37,"loc":{"start":{"line":37,"column":42},"end":{"line":37,"column":54}}},"9":{"name":"(anonymous_9)","line":45,"loc":{"start":{"line":45,"column":17},"end":{"line":45,"column":37}}},"10":{"name":"(anonymous_10)","line":47,"loc":{"start":{"line":47,"column":39},"end":{"line":47,"column":60}}},"11":{"name":"(anonymous_11)","line":59,"loc":{"start":{"line":59,"column":18},"end":{"line":59,"column":38}}},"12":{"name":"(anonymous_12)","line":60,"loc":{"start":{"line":60,"column":18},"end":{"line":60,"column":38}}},"13":{"name":"(anonymous_13)","line":66,"loc":{"start":{"line":66,"column":45},"end":{"line":66,"column":57}}},"14":{"name":"(anonymous_14)","line":71,"loc":{"start":{"line":71,"column":49},"end":{"line":71,"column":61}}}},"statementMap":{"1":{"start":{"line":2,"column":0},"end":{"line":2,"column":38}},"2":{"start":{"line":3,"column":0},"end":{"line":3,"column":41}},"3":{"start":{"line":4,"column":0},"end":{"line":75,"column":5}},"4":{"start":{"line":5,"column":4},"end":{"line":18,"column":5}},"5":{"start":{"line":6,"column":8},"end":{"line":6,"column":33}},"6":{"start":{"line":7,"column":8},"end":{"line":7,"column":24}},"7":{"start":{"line":8,"column":8},"end":{"line":8,"column":51}},"8":{"start":{"line":9,"column":8},"end":{"line":9,"column":27}},"9":{"start":{"line":10,"column":8},"end":{"line":17,"column":9}},"10":{"start":{"line":11,"column":12},"end":{"line":11,"column":35}},"11":{"start":{"line":12,"column":12},"end":{"line":12,"column":37}},"12":{"start":{"line":13,"column":12},"end":{"line":13,"column":45}},"13":{"start":{"line":14,"column":12},"end":{"line":16,"column":13}},"14":{"start":{"line":15,"column":16},"end":{"line":15,"column":47}},"15":{"start":{"line":19,"column":4},"end":{"line":24,"column":6}},"16":{"start":{"line":20,"column":8},"end":{"line":20,"column":25}},"17":{"start":{"line":21,"column":8},"end":{"line":23,"column":11}},"18":{"start":{"line":22,"column":12},"end":{"line":22,"column":53}},"19":{"start":{"line":25,"column":4},"end":{"line":27,"column":6}},"20":{"start":{"line":26,"column":8},"end":{"line":26,"column":33}},"21":{"start":{"line":28,"column":4},"end":{"line":30,"column":6}},"22":{"start":{"line":29,"column":8},"end":{"line":29,"column":43}},"23":{"start":{"line":31,"column":4},"end":{"line":36,"column":6}},"24":{"start":{"line":32,"column":8},"end":{"line":32,"column":58}},"25":{"start":{"line":33,"column":8},"end":{"line":33,"column":60}},"26":{"start":{"line":34,"column":8},"end":{"line":34,"column":44}},"27":{"start":{"line":35,"column":8},"end":{"line":35,"column":41}},"28":{"start":{"line":37,"column":4},"end":{"line":46,"column":6}},"29":{"start":{"line":38,"column":8},"end":{"line":38,"column":43}},"30":{"start":{"line":39,"column":8},"end":{"line":39,"column":32}},"31":{"start":{"line":40,"column":8},"end":{"line":43,"column":10}},"32":{"start":{"line":44,"column":8},"end":{"line":45,"column":66}},"33":{"start":{"line":45,"column":39},"end":{"line":45,"column":62}},"34":{"start":{"line":47,"column":4},"end":{"line":65,"column":6}},"35":{"start":{"line":48,"column":8},"end":{"line":48,"column":25}},"36":{"start":{"line":49,"column":8},"end":{"line":51,"column":9}},"37":{"start":{"line":50,"column":12},"end":{"line":50,"column":44}},"38":{"start":{"line":52,"column":8},"end":{"line":52,"column":32}},"39":{"start":{"line":53,"column":8},"end":{"line":56,"column":10}},"40":{"start":{"line":57,"column":8},"end":{"line":64,"column":11}},"41":{"start":{"line":59,"column":40},"end":{"line":59,"column":63}},"42":{"start":{"line":61,"column":12},"end":{"line":61,"column":57}},"43":{"start":{"line":62,"column":12},"end":{"line":62,"column":38}},"44":{"start":{"line":63,"column":12},"end":{"line":63,"column":28}},"45":{"start":{"line":66,"column":4},"end":{"line":70,"column":6}},"46":{"start":{"line":67,"column":8},"end":{"line":69,"column":9}},"47":{"start":{"line":68,"column":12},"end":{"line":68,"column":61}},"48":{"start":{"line":71,"column":4},"end":{"line":73,"column":6}},"49":{"start":{"line":72,"column":8},"end":{"line":72,"column":41}},"50":{"start":{"line":74,"column":4},"end":{"line":74,"column":29}},"51":{"start":{"line":76,"column":0},"end":{"line":76,"column":46}}},"branchMap":{"1":{"line":10,"type":"if","locations":[{"start":{"line":10,"column":8},"end":{"line":10,"column":8}},{"start":{"line":10,"column":8},"end":{"line":10,"column":8}}]},"2":{"line":13,"type":"binary-expr","locations":[{"start":{"line":13,"column":25},"end":{"line":13,"column":38}},{"start":{"line":13,"column":42},"end":{"line":13,"column":44}}]},"3":{"line":14,"type":"if","locations":[{"start":{"line":14,"column":12},"end":{"line":14,"column":12}},{"start":{"line":14,"column":12},"end":{"line":14,"column":12}}]},"4":{"line":42,"type":"cond-expr","locations":[{"start":{"line":42,"column":35},"end":{"line":42,"column":97}},{"start":{"line":42,"column":100},"end":{"line":42,"column":120}}]},"5":{"line":49,"type":"if","locations":[{"start":{"line":49,"column":8},"end":{"line":49,"column":8}},{"start":{"line":49,"column":8},"end":{"line":49,"column":8}}]},"6":{"line":55,"type":"cond-expr","locations":[{"start":{"line":55,"column":29},"end":{"line":55,"column":85}},{"start":{"line":55,"column":88},"end":{"line":55,"column":108}}]},"7":{"line":67,"type":"if","locations":[{"start":{"line":67,"column":8},"end":{"line":67,"column":8}},{"start":{"line":67,"column":8},"end":{"line":67,"column":8}}]},"8":{"line":67,"type":"binary-expr","locations":[{"start":{"line":67,"column":12},"end":{"line":67,"column":29}},{"start":{"line":67,"column":33},"end":{"line":67,"column":50}}]}},"code":["\"use strict\";","var http_1 = require('@angular/http');","var constants_1 = require('./constants');","var YoutubeApiService = (function () {","    function YoutubeApiService(options) {","        this.isSearching = false;","        this.items = [];","        this.config = new http_1.URLSearchParams();","        this.resetConfig();","        if (options) {","            this.url = options.url;","            this.http = options.http;","            this.idKey = options.idKey || '';","            if (options.config) {","                this.setConfig(options.config);","            }","        }","    }","    YoutubeApiService.prototype.setConfig = function (config) {","        var _this = this;","        Object.keys(config).forEach(function (option) {","            _this.config.set(option, config[option]);","        });","    };","    YoutubeApiService.prototype.setToken = function (token) {","        this.accessToken = token;","    };","    YoutubeApiService.prototype.hasToken = function () {","        return this.accessToken.length > 0;","    };","    YoutubeApiService.prototype.resetConfig = function () {","        this.config.set('part', 'snippet,contentDetails');","        this.config.set('key', constants_1.YOUTUBE_API_KEY);","        this.config.set('maxResults', '50');","        this.config.set('pageToken', '');","    };","    YoutubeApiService.prototype.getList = function () {","        var accessToken = this.accessToken;","        this.isSearching = true;","        var options = {","            search: this.config,","            headers: accessToken ? new http_1.Headers({ Authorization: \"Bearer \" + accessToken }) : new http_1.Headers()","        };","        return this.http.get(this.url, options)","            .map(function (response) { return response.json(); });","    };","    YoutubeApiService.prototype.list = function (id, token) {","        var _this = this;","        if (this.idKey) {","            this.config.set(this.idKey, id);","        }","        this.isSearching = true;","        var options = {","            search: this.config,","            headers: token ? new http_1.Headers({ Authorization: \"Bearer \" + token }) : new http_1.Headers()","        };","        return this.http.get(this.url, options)","            .toPromise()","            .then(function (response) { return response.json(); })","            .then(function (response) {","            _this.nextPageToken = response.nextPageToken;","            _this.isSearching = false;","            return response;","        });","    };","    YoutubeApiService.prototype.searchMore = function () {","        if (!this.isSearching && this.items.length) {","            this.config.set('pageToken', this.nextPageToken);","        }","    };","    YoutubeApiService.prototype.resetPageToken = function () {","        this.config.set('pageToken', '');","    };","    return YoutubeApiService;","}());","exports.YoutubeApiService = YoutubeApiService;",""],"l":{"2":1,"3":1,"4":1,"5":1,"6":0,"7":0,"8":0,"9":0,"10":0,"11":0,"12":0,"13":0,"14":0,"15":0,"19":1,"20":0,"21":0,"22":0,"25":1,"26":0,"28":1,"29":0,"31":1,"32":0,"33":0,"34":0,"35":0,"37":1,"38":0,"39":0,"40":0,"44":0,"45":0,"47":1,"48":0,"49":0,"50":0,"52":0,"53":0,"57":0,"59":0,"61":0,"62":0,"63":0,"66":1,"67":0,"68":0,"71":1,"72":0,"74":1,"76":1}},
"/Users/pearpages/code/learning/pro-angular2-adam-freeman/echoes/src/app/core/services/constants.ts":{"path":"/Users/pearpages/code/learning/pro-angular2-adam-freeman/echoes/src/app/core/services/constants.ts","s":{"1":1,"2":1},"b":{},"f":{},"fnMap":{},"statementMap":{"1":{"start":{"line":2,"column":0},"end":{"line":2,"column":68}},"2":{"start":{"line":3,"column":0},"end":{"line":3,"column":68}}},"branchMap":{},"code":["\"use strict\";","exports.YOUTUBE_API_KEY = 'AIzaSyCVYIw6U-DRioMSJ2ZUm0H3kdQyR_D6oQk';","exports.CLIENT_ID = '971861197531-i7h00h6789mkievtthgn6qoommbs76ih';",""],"l":{"2":1,"3":1}},
"/Users/pearpages/code/learning/pro-angular2-adam-freeman/echoes/src/app/core/services/youtube-videos-info.service.ts":{"path":"/Users/pearpages/code/learning/pro-angular2-adam-freeman/echoes/src/app/core/services/youtube-videos-info.service.ts","s":{"1":1,"2":1,"3":1,"4":1,"5":1,"6":0,"7":0,"8":0,"9":0,"10":0,"11":0,"12":0,"13":0,"14":1,"15":0,"16":0,"17":1,"18":1,"19":0,"20":1},"b":{"1":[0,0],"2":[1,1,0],"3":[1,1]},"f":{"1":1,"2":0,"3":0,"4":0,"5":0,"6":0},"fnMap":{"1":{"name":"(anonymous_1)","line":5,"loc":{"start":{"line":5,"column":25},"end":{"line":5,"column":37}}},"2":{"name":"YoutubeVideosInfo","line":6,"loc":{"start":{"line":6,"column":4},"end":{"line":6,"column":37}}},"3":{"name":"(anonymous_3)","line":13,"loc":{"start":{"line":13,"column":24},"end":{"line":13,"column":38}}},"4":{"name":"(anonymous_4)","line":18,"loc":{"start":{"line":18,"column":21},"end":{"line":18,"column":36}}},"5":{"name":"(anonymous_5)","line":21,"loc":{"start":{"line":21,"column":49},"end":{"line":21,"column":68}}},"6":{"name":"(anonymous_6)","line":24,"loc":{"start":{"line":24,"column":17},"end":{"line":24,"column":34}}}},"statementMap":{"1":{"start":{"line":2,"column":0},"end":{"line":2,"column":38}},"2":{"start":{"line":3,"column":0},"end":{"line":3,"column":38}},"3":{"start":{"line":4,"column":0},"end":{"line":4,"column":61}},"4":{"start":{"line":5,"column":0},"end":{"line":32,"column":5}},"5":{"start":{"line":6,"column":4},"end":{"line":20,"column":5}},"6":{"start":{"line":7,"column":8},"end":{"line":7,"column":25}},"7":{"start":{"line":8,"column":8},"end":{"line":12,"column":11}},"8":{"start":{"line":13,"column":8},"end":{"line":19,"column":10}},"9":{"start":{"line":14,"column":12},"end":{"line":14,"column":43}},"10":{"start":{"line":15,"column":12},"end":{"line":15,"column":49}},"11":{"start":{"line":16,"column":12},"end":{"line":16,"column":36}},"12":{"start":{"line":17,"column":12},"end":{"line":18,"column":66}},"13":{"start":{"line":18,"column":38},"end":{"line":18,"column":62}},"14":{"start":{"line":21,"column":4},"end":{"line":25,"column":6}},"15":{"start":{"line":22,"column":8},"end":{"line":24,"column":56}},"16":{"start":{"line":24,"column":36},"end":{"line":24,"column":52}},"17":{"start":{"line":26,"column":4},"end":{"line":29,"column":26}},"18":{"start":{"line":30,"column":4},"end":{"line":30,"column":29}},"19":{"start":{"line":31,"column":4},"end":{"line":31,"column":11}},"20":{"start":{"line":33,"column":0},"end":{"line":33,"column":46}}},"branchMap":{"1":{"line":14,"type":"binary-expr","locations":[{"start":{"line":14,"column":26},"end":{"line":14,"column":36}},{"start":{"line":14,"column":40},"end":{"line":14,"column":42}}]},"2":{"line":28,"type":"binary-expr","locations":[{"start":{"line":28,"column":42},"end":{"line":28,"column":120}},{"start":{"line":28,"column":124},"end":{"line":28,"column":126}},{"start":{"line":28,"column":131},"end":{"line":28,"column":137}}]},"3":{"line":28,"type":"binary-expr","locations":[{"start":{"line":28,"column":55},"end":{"line":28,"column":89}},{"start":{"line":28,"column":93},"end":{"line":28,"column":104}}]}},"code":["\"use strict\";","var http_1 = require('@angular/http');","var core_1 = require('@angular/core');","var youtube_api_service_1 = require('./youtube-api.service');","var YoutubeVideosInfo = (function () {","    function YoutubeVideosInfo(http) {","        this.http = http;","        this.api = new youtube_api_service_1.YoutubeApiService({","            url: 'https://www.googleapis.com/youtube/v3/videos',","            http: this.http,","            idKey: 'id'","        });","        this.api.list = function (id) {","            var videoId = id.videoId || id;","            this.config.set(this.idKey, videoId);","            this.isSearching = true;","            return this.http.get(this.url, { search: this.config })","                .map(function (res) { return res.json().items; });","        };","    }","    YoutubeVideosInfo.prototype.fetchVideoData = function (mediaId) {","        return this.api","            .list(mediaId)","            .map(function (items) { return items[0]; });","    };","    YoutubeVideosInfo = __decorate([","        core_1.Injectable(), ","        __metadata('design:paramtypes', [(typeof (_a = typeof http_1.Http !== 'undefined' && http_1.Http) === 'function' && _a) || Object])","    ], YoutubeVideosInfo);","    return YoutubeVideosInfo;","    var _a;","}());","exports.YoutubeVideosInfo = YoutubeVideosInfo;",""],"l":{"2":1,"3":1,"4":1,"5":1,"6":1,"7":0,"8":0,"13":0,"14":0,"15":0,"16":0,"17":0,"18":0,"21":1,"22":0,"24":0,"26":1,"30":1,"31":0,"33":1}},
"/Users/pearpages/code/learning/pro-angular2-adam-freeman/echoes/src/app/core/services/youtube.search.ts":{"path":"/Users/pearpages/code/learning/pro-angular2-adam-freeman/echoes/src/app/core/services/youtube.search.ts","s":{"1":1,"2":1,"3":1,"4":1,"5":1,"6":1,"7":0,"8":0,"9":0,"10":0,"11":0,"12":0,"13":0,"14":1,"15":0,"16":0,"17":0,"18":0,"19":0,"20":0,"21":0,"22":0,"23":0,"24":0,"25":0,"26":0,"27":0,"28":0,"29":1,"30":0,"31":0,"32":0,"33":1,"34":0,"35":1,"36":1,"37":0,"38":1},"b":{"1":[0,0],"2":[0,0],"3":[0,0],"4":[0,0],"5":[0,0],"6":[0,0],"7":[1,1,0],"8":[1,1],"9":[1,1,0],"10":[1,1]},"f":{"1":1,"2":0,"3":0,"4":0,"5":0,"6":0},"fnMap":{"1":{"name":"(anonymous_1)","line":6,"loc":{"start":{"line":6,"column":21},"end":{"line":6,"column":33}}},"2":{"name":"YoutubeSearch","line":7,"loc":{"start":{"line":7,"column":4},"end":{"line":7,"column":40}}},"3":{"name":"(anonymous_3)","line":25,"loc":{"start":{"line":25,"column":37},"end":{"line":25,"column":65}}},"4":{"name":"(anonymous_4)","line":37,"loc":{"start":{"line":37,"column":18},"end":{"line":37,"column":38}}},"5":{"name":"(anonymous_5)","line":45,"loc":{"start":{"line":45,"column":41},"end":{"line":45,"column":53}}},"6":{"name":"(anonymous_6)","line":51,"loc":{"start":{"line":51,"column":45},"end":{"line":51,"column":57}}}},"statementMap":{"1":{"start":{"line":2,"column":0},"end":{"line":2,"column":38}},"2":{"start":{"line":3,"column":0},"end":{"line":3,"column":38}},"3":{"start":{"line":4,"column":0},"end":{"line":4,"column":37}},"4":{"start":{"line":5,"column":0},"end":{"line":5,"column":61}},"5":{"start":{"line":6,"column":0},"end":{"line":60,"column":5}},"6":{"start":{"line":7,"column":4},"end":{"line":24,"column":5}},"7":{"start":{"line":8,"column":8},"end":{"line":8,"column":25}},"8":{"start":{"line":9,"column":8},"end":{"line":9,"column":27}},"9":{"start":{"line":10,"column":8},"end":{"line":10,"column":66}},"10":{"start":{"line":11,"column":8},"end":{"line":11,"column":33}},"11":{"start":{"line":12,"column":8},"end":{"line":12,"column":24}},"12":{"start":{"line":13,"column":8},"end":{"line":13,"column":52}},"13":{"start":{"line":14,"column":8},"end":{"line":23,"column":11}},"14":{"start":{"line":25,"column":4},"end":{"line":44,"column":6}},"15":{"start":{"line":26,"column":8},"end":{"line":26,"column":25}},"16":{"start":{"line":27,"column":8},"end":{"line":27,"column":70}},"17":{"start":{"line":28,"column":8},"end":{"line":28,"column":39}},"18":{"start":{"line":29,"column":8},"end":{"line":31,"column":9}},"19":{"start":{"line":30,"column":12},"end":{"line":30,"column":34}},"20":{"start":{"line":32,"column":8},"end":{"line":34,"column":9}},"21":{"start":{"line":33,"column":12},"end":{"line":33,"column":44}},"22":{"start":{"line":35,"column":8},"end":{"line":35,"column":32}},"23":{"start":{"line":36,"column":8},"end":{"line":43,"column":11}},"24":{"start":{"line":38,"column":12},"end":{"line":38,"column":49}},"25":{"start":{"line":39,"column":12},"end":{"line":39,"column":38}},"26":{"start":{"line":40,"column":12},"end":{"line":40,"column":89}},"27":{"start":{"line":41,"column":12},"end":{"line":41,"column":28}},"28":{"start":{"line":42,"column":12},"end":{"line":42,"column":19}},"29":{"start":{"line":45,"column":4},"end":{"line":50,"column":6}},"30":{"start":{"line":46,"column":8},"end":{"line":49,"column":9}},"31":{"start":{"line":47,"column":12},"end":{"line":47,"column":69}},"32":{"start":{"line":48,"column":12},"end":{"line":48,"column":56}},"33":{"start":{"line":51,"column":4},"end":{"line":53,"column":6}},"34":{"start":{"line":52,"column":8},"end":{"line":52,"column":34}},"35":{"start":{"line":54,"column":4},"end":{"line":57,"column":22}},"36":{"start":{"line":58,"column":4},"end":{"line":58,"column":25}},"37":{"start":{"line":59,"column":4},"end":{"line":59,"column":15}},"38":{"start":{"line":61,"column":0},"end":{"line":61,"column":38}}},"branchMap":{"1":{"line":27,"type":"binary-expr","locations":[{"start":{"line":27,"column":26},"end":{"line":27,"column":31}},{"start":{"line":27,"column":35},"end":{"line":27,"column":69}}]},"2":{"line":29,"type":"if","locations":[{"start":{"line":29,"column":8},"end":{"line":29,"column":8}},{"start":{"line":29,"column":8},"end":{"line":29,"column":8}}]},"3":{"line":29,"type":"binary-expr","locations":[{"start":{"line":29,"column":12},"end":{"line":29,"column":25}},{"start":{"line":29,"column":29},"end":{"line":29,"column":40}}]},"4":{"line":32,"type":"if","locations":[{"start":{"line":32,"column":8},"end":{"line":32,"column":8}},{"start":{"line":32,"column":8},"end":{"line":32,"column":8}}]},"5":{"line":46,"type":"if","locations":[{"start":{"line":46,"column":8},"end":{"line":46,"column":8}},{"start":{"line":46,"column":8},"end":{"line":46,"column":8}}]},"6":{"line":46,"type":"binary-expr","locations":[{"start":{"line":46,"column":12},"end":{"line":46,"column":29}},{"start":{"line":46,"column":33},"end":{"line":46,"column":50}}]},"7":{"line":56,"type":"binary-expr","locations":[{"start":{"line":56,"column":42},"end":{"line":56,"column":120}},{"start":{"line":56,"column":124},"end":{"line":56,"column":126}},{"start":{"line":56,"column":131},"end":{"line":56,"column":137}}]},"8":{"line":56,"type":"binary-expr","locations":[{"start":{"line":56,"column":55},"end":{"line":56,"column":89}},{"start":{"line":56,"column":93},"end":{"line":56,"column":104}}]},"9":{"line":56,"type":"binary-expr","locations":[{"start":{"line":56,"column":140},"end":{"line":56,"column":222}},{"start":{"line":56,"column":226},"end":{"line":56,"column":228}},{"start":{"line":56,"column":233},"end":{"line":56,"column":239}}]},"10":{"line":56,"type":"binary-expr","locations":[{"start":{"line":56,"column":153},"end":{"line":56,"column":189}},{"start":{"line":56,"column":193},"end":{"line":56,"column":206}}]}},"code":["\"use strict\";","var http_1 = require('@angular/http');","var core_1 = require('@angular/core');","var store_1 = require('@ngrx/store');","var youtube_api_service_1 = require('./youtube-api.service');","var YoutubeSearch = (function () {","    function YoutubeSearch(http, store) {","        this.http = http;","        this.store = store;","        this.url = 'https://www.googleapis.com/youtube/v3/search';","        this.isSearching = false;","        this.items = [];","        this._config = new http_1.URLSearchParams();","        this.api = new youtube_api_service_1.YoutubeApiService({","            url: this.url,","            http: http,","            idKey: 'type',","            config: {","                part: 'snippet,id',","                q: '',","                type: 'video'","            }","        });","    }","    YoutubeSearch.prototype.search = function (query, dontReset) {","        var _this = this;","        var isNewSearch = query && query !== this.api.config.get('q');","        var shouldBeReset = !dontReset;","        if (shouldBeReset || isNewSearch) {","            this.resetPageToken();","        }","        if (query) {","            this.api.config.set('q', query);","        }","        this.isSearching = true;","        return this.api.list('video')","            .then(function (response) {","            var itemsAmount = _this.items.length;","            _this.isSearching = false;","            (_a = _this.items).splice.apply(_a, [itemsAmount, 0].concat(response.items));","            return response;","            var _a;","        });","    };","    YoutubeSearch.prototype.searchMore = function () {","        if (!this.isSearching && this.items.length) {","            this.api.config.set('pageToken', this.api.nextPageToken);","            this.search(this.api.config.get('q'), true);","        }","    };","    YoutubeSearch.prototype.resetPageToken = function () {","        this.api.resetPageToken();","    };","    YoutubeSearch = __decorate([","        core_1.Injectable(), ","        __metadata('design:paramtypes', [(typeof (_a = typeof http_1.Http !== 'undefined' && http_1.Http) === 'function' && _a) || Object, (typeof (_b = typeof store_1.Store !== 'undefined' && store_1.Store) === 'function' && _b) || Object])","    ], YoutubeSearch);","    return YoutubeSearch;","    var _a, _b;","}());","exports.YoutubeSearch = YoutubeSearch;",""],"l":{"2":1,"3":1,"4":1,"5":1,"6":1,"7":1,"8":0,"9":0,"10":0,"11":0,"12":0,"13":0,"14":0,"25":1,"26":0,"27":0,"28":0,"29":0,"30":0,"32":0,"33":0,"35":0,"36":0,"38":0,"39":0,"40":0,"41":0,"42":0,"45":1,"46":0,"47":0,"48":0,"51":1,"52":0,"54":1,"58":1,"59":0,"61":1}},
"/Users/pearpages/code/learning/pro-angular2-adam-freeman/echoes/src/app/core/services/youtube-player.service.ts":{"path":"/Users/pearpages/code/learning/pro-angular2-adam-freeman/echoes/src/app/core/services/youtube-player.service.ts","s":{"1":1,"2":1,"3":1,"4":1,"5":1,"6":0,"7":0,"8":0,"9":0,"10":0,"11":0,"12":1,"13":0,"14":0,"15":0,"16":0,"17":0,"18":0,"19":1,"20":0,"21":1,"22":0,"23":1,"24":0,"25":0,"26":0,"27":1,"28":1,"29":0,"30":0,"31":0,"32":0,"33":1,"34":0,"35":0,"36":0,"37":0,"38":0,"39":0,"40":0,"41":1,"42":0,"43":0,"44":0,"45":0,"46":0,"47":0,"48":0,"49":1,"50":0,"51":1,"52":0,"53":0,"54":0,"55":0,"56":0,"57":0,"58":0,"59":0,"60":1,"61":1,"62":0,"63":1},"b":{"1":[0,0],"2":[0,0],"3":[0,0],"4":[0,0],"5":[0,0],"6":[0,0],"7":[0,0],"8":[0,0],"9":[0,0],"10":[0,0],"11":[0,0],"12":[0,0],"13":[1,1,0],"14":[1,1],"15":[1,1,0],"16":[1,1]},"f":{"1":1,"2":0,"3":0,"4":0,"5":0,"6":0,"7":0,"8":0,"9":0,"10":0,"11":0,"12":0,"13":0,"14":0,"15":0,"16":0,"17":0,"18":0,"19":0},"fnMap":{"1":{"name":"(anonymous_1)","line":5,"loc":{"start":{"line":5,"column":28},"end":{"line":5,"column":40}}},"2":{"name":"YoutubePlayerService","line":6,"loc":{"start":{"line":6,"column":4},"end":{"line":6,"column":47}}},"3":{"name":"(anonymous_3)","line":19,"loc":{"start":{"line":19,"column":49},"end":{"line":19,"column":61}}},"4":{"name":"(anonymous_4)","line":25,"loc":{"start":{"line":25,"column":54},"end":{"line":25,"column":66}}},"5":{"name":"(anonymous_5)","line":27,"loc":{"start":{"line":27,"column":50},"end":{"line":27,"column":62}}},"6":{"name":"(anonymous_6)","line":31,"loc":{"start":{"line":31,"column":44},"end":{"line":31,"column":56}}},"7":{"name":"(anonymous_7)","line":34,"loc":{"start":{"line":34,"column":42},"end":{"line":34,"column":54}}},"8":{"name":"(anonymous_8)","line":37,"loc":{"start":{"line":37,"column":43},"end":{"line":37,"column":55}}},"9":{"name":"(anonymous_9)","line":40,"loc":{"start":{"line":40,"column":47},"end":{"line":40,"column":64}}},"10":{"name":"(anonymous_10)","line":46,"loc":{"start":{"line":46,"column":50},"end":{"line":46,"column":62}}},"11":{"name":"(anonymous_11)","line":48,"loc":{"start":{"line":48,"column":47},"end":{"line":48,"column":59}}},"12":{"name":"(anonymous_12)","line":58,"loc":{"start":{"line":58,"column":50},"end":{"line":58,"column":70}}},"13":{"name":"(anonymous_13)","line":69,"loc":{"start":{"line":69,"column":25},"end":{"line":69,"column":37}}},"14":{"name":"(anonymous_14)","line":70,"loc":{"start":{"line":70,"column":31},"end":{"line":70,"column":45}}},"15":{"name":"(anonymous_15)","line":70,"loc":{"start":{"line":70,"column":69},"end":{"line":70,"column":81}}},"16":{"name":"onPlayerStateChange","line":73,"loc":{"start":{"line":73,"column":8},"end":{"line":73,"column":44}}},"17":{"name":"(anonymous_17)","line":79,"loc":{"start":{"line":79,"column":48},"end":{"line":79,"column":68}}},"18":{"name":"(anonymous_18)","line":87,"loc":{"start":{"line":87,"column":54},"end":{"line":87,"column":85}}},"19":{"name":"(anonymous_19)","line":90,"loc":{"start":{"line":90,"column":45},"end":{"line":90,"column":57}}}},"statementMap":{"1":{"start":{"line":2,"column":0},"end":{"line":2,"column":38}},"2":{"start":{"line":3,"column":0},"end":{"line":3,"column":72}},"3":{"start":{"line":4,"column":0},"end":{"line":4,"column":37}},"4":{"start":{"line":5,"column":0},"end":{"line":109,"column":5}},"5":{"start":{"line":6,"column":4},"end":{"line":18,"column":5}},"6":{"start":{"line":7,"column":8},"end":{"line":7,"column":27}},"7":{"start":{"line":8,"column":8},"end":{"line":8,"column":25}},"8":{"start":{"line":9,"column":8},"end":{"line":11,"column":10}},"9":{"start":{"line":12,"column":8},"end":{"line":12,"column":34}},"10":{"start":{"line":13,"column":8},"end":{"line":16,"column":10}},"11":{"start":{"line":17,"column":8},"end":{"line":17,"column":27}},"12":{"start":{"line":19,"column":4},"end":{"line":33,"column":6}},"13":{"start":{"line":20,"column":8},"end":{"line":20,"column":25}},"14":{"start":{"line":25,"column":8},"end":{"line":29,"column":10}},"15":{"start":{"line":26,"column":12},"end":{"line":28,"column":13}},"16":{"start":{"line":27,"column":16},"end":{"line":27,"column":67}},"17":{"start":{"line":30,"column":8},"end":{"line":32,"column":9}},"18":{"start":{"line":31,"column":12},"end":{"line":31,"column":61}},"19":{"start":{"line":34,"column":4},"end":{"line":36,"column":6}},"20":{"start":{"line":35,"column":8},"end":{"line":35,"column":32}},"21":{"start":{"line":37,"column":4},"end":{"line":39,"column":6}},"22":{"start":{"line":38,"column":8},"end":{"line":38,"column":33}},"23":{"start":{"line":40,"column":4},"end":{"line":45,"column":6}},"24":{"start":{"line":41,"column":8},"end":{"line":41,"column":64}},"25":{"start":{"line":42,"column":8},"end":{"line":42,"column":38}},"26":{"start":{"line":43,"column":8},"end":{"line":43,"column":20}},"27":{"start":{"line":46,"column":4},"end":{"line":47,"column":6}},"28":{"start":{"line":48,"column":4},"end":{"line":56,"column":6}},"29":{"start":{"line":50,"column":8},"end":{"line":50,"column":70}},"30":{"start":{"line":51,"column":8},"end":{"line":51,"column":76}},"31":{"start":{"line":52,"column":8},"end":{"line":54,"column":20}},"32":{"start":{"line":55,"column":8},"end":{"line":55,"column":31}},"33":{"start":{"line":58,"column":4},"end":{"line":86,"column":6}},"34":{"start":{"line":59,"column":8},"end":{"line":59,"column":25}},"35":{"start":{"line":60,"column":8},"end":{"line":60,"column":31}},"36":{"start":{"line":61,"column":8},"end":{"line":61,"column":27}},"37":{"start":{"line":62,"column":8},"end":{"line":62,"column":45}},"38":{"start":{"line":63,"column":8},"end":{"line":72,"column":11}},"39":{"start":{"line":70,"column":47},"end":{"line":70,"column":118}},"40":{"start":{"line":70,"column":83},"end":{"line":70,"column":114}},"41":{"start":{"line":73,"column":8},"end":{"line":85,"column":9}},"42":{"start":{"line":74,"column":12},"end":{"line":74,"column":35}},"43":{"start":{"line":75,"column":12},"end":{"line":75,"column":33}},"44":{"start":{"line":78,"column":12},"end":{"line":80,"column":13}},"45":{"start":{"line":79,"column":16},"end":{"line":79,"column":97}},"46":{"start":{"line":79,"column":70},"end":{"line":79,"column":93}},"47":{"start":{"line":81,"column":12},"end":{"line":82,"column":13}},"48":{"start":{"line":83,"column":12},"end":{"line":84,"column":13}},"49":{"start":{"line":87,"column":4},"end":{"line":89,"column":6}},"50":{"start":{"line":88,"column":8},"end":{"line":88,"column":49}},"51":{"start":{"line":90,"column":4},"end":{"line":102,"column":6}},"52":{"start":{"line":91,"column":8},"end":{"line":91,"column":19}},"53":{"start":{"line":92,"column":8},"end":{"line":92,"column":18}},"54":{"start":{"line":93,"column":8},"end":{"line":100,"column":9}},"55":{"start":{"line":94,"column":12},"end":{"line":94,"column":50}},"56":{"start":{"line":95,"column":12},"end":{"line":95,"column":48}},"57":{"start":{"line":98,"column":12},"end":{"line":98,"column":46}},"58":{"start":{"line":99,"column":12},"end":{"line":99,"column":44}},"59":{"start":{"line":101,"column":8},"end":{"line":101,"column":43}},"60":{"start":{"line":103,"column":4},"end":{"line":106,"column":29}},"61":{"start":{"line":107,"column":4},"end":{"line":107,"column":32}},"62":{"start":{"line":108,"column":4},"end":{"line":108,"column":15}},"63":{"start":{"line":110,"column":0},"end":{"line":110,"column":52}}},"branchMap":{"1":{"line":26,"type":"if","locations":[{"start":{"line":26,"column":12},"end":{"line":26,"column":12}},{"start":{"line":26,"column":12},"end":{"line":26,"column":12}}]},"2":{"line":30,"type":"if","locations":[{"start":{"line":30,"column":8},"end":{"line":30,"column":8}},{"start":{"line":30,"column":8},"end":{"line":30,"column":8}}]},"3":{"line":30,"type":"binary-expr","locations":[{"start":{"line":30,"column":12},"end":{"line":30,"column":31}},{"start":{"line":30,"column":35},"end":{"line":30,"column":61}}]},"4":{"line":41,"type":"cond-expr","locations":[{"start":{"line":41,"column":36},"end":{"line":41,"column":52}},{"start":{"line":41,"column":55},"end":{"line":41,"column":63}}]},"5":{"line":50,"type":"binary-expr","locations":[{"start":{"line":50,"column":28},"end":{"line":50,"column":39}},{"start":{"line":50,"column":43},"end":{"line":50,"column":69}}]},"6":{"line":51,"type":"cond-expr","locations":[{"start":{"line":51,"column":42},"end":{"line":51,"column":70}},{"start":{"line":51,"column":73},"end":{"line":51,"column":75}}]},"7":{"line":52,"type":"cond-expr","locations":[{"start":{"line":53,"column":14},"end":{"line":53,"column":91}},{"start":{"line":54,"column":14},"end":{"line":54,"column":19}}]},"8":{"line":53,"type":"binary-expr","locations":[{"start":{"line":53,"column":14},"end":{"line":53,"column":50}},{"start":{"line":53,"column":54},"end":{"line":53,"column":91}}]},"9":{"line":78,"type":"if","locations":[{"start":{"line":78,"column":12},"end":{"line":78,"column":12}},{"start":{"line":78,"column":12},"end":{"line":78,"column":12}}]},"10":{"line":81,"type":"if","locations":[{"start":{"line":81,"column":12},"end":{"line":81,"column":12}},{"start":{"line":81,"column":12},"end":{"line":81,"column":12}}]},"11":{"line":83,"type":"if","locations":[{"start":{"line":83,"column":12},"end":{"line":83,"column":12}},{"start":{"line":83,"column":12},"end":{"line":83,"column":12}}]},"12":{"line":93,"type":"if","locations":[{"start":{"line":93,"column":8},"end":{"line":93,"column":8}},{"start":{"line":93,"column":8},"end":{"line":93,"column":8}}]},"13":{"line":105,"type":"binary-expr","locations":[{"start":{"line":105,"column":42},"end":{"line":105,"column":124}},{"start":{"line":105,"column":128},"end":{"line":105,"column":130}},{"start":{"line":105,"column":135},"end":{"line":105,"column":141}}]},"14":{"line":105,"type":"binary-expr","locations":[{"start":{"line":105,"column":55},"end":{"line":105,"column":91}},{"start":{"line":105,"column":95},"end":{"line":105,"column":108}}]},"15":{"line":105,"type":"binary-expr","locations":[{"start":{"line":105,"column":144},"end":{"line":105,"column":226}},{"start":{"line":105,"column":230},"end":{"line":105,"column":232}},{"start":{"line":105,"column":237},"end":{"line":105,"column":243}}]},"16":{"line":105,"type":"binary-expr","locations":[{"start":{"line":105,"column":157},"end":{"line":105,"column":193}},{"start":{"line":105,"column":197},"end":{"line":105,"column":210}}]}},"code":["\"use strict\";","var core_1 = require('@angular/core');","var browser_1 = require('@angular/platform-browser/src/facade/browser');","var store_1 = require('@ngrx/store');","var YoutubePlayerService = (function () {","    function YoutubePlayerService(store, zone) {","        this.store = store;","        this.zone = zone;","        this.listeners = {","            ended: []","        };","        this.isFullscreen = false;","        this.defaultSizes = {","            height: 270,","            width: 367","        };","        this.setupPlayer();","    }","    YoutubePlayerService.prototype.setupPlayer = function () {","        var _this = this;","        // in production mode, the youtube iframe api script tag is loaded","        // before the bundle.js, so the 'onYouTubeIfarmeAPIReady' has","        // already been triggered","        // TODO: handle this in build or in nicer in code","        browser_1.window['onYouTubeIframeAPIReady'] = function () {","            if (browser_1.window['YT']) {","                _this.player = _this.createPlayer(function () { });","            }","        };","        if (browser_1.window.YT && browser_1.window.YT.Player) {","            this.player = this.createPlayer(function () { });","        }","    };","    YoutubePlayerService.prototype.play = function () {","        this.player.playVideo();","    };","    YoutubePlayerService.prototype.pause = function () {","        this.player.pauseVideo();","    };","    YoutubePlayerService.prototype.playVideo = function (media) {","        var id = media.id.videoId ? media.id.videoId : media.id;","        this.player.loadVideoById(id);","        this.play();","        // this.store.dispatch({ type: PLAY, payload: media });","    };","    YoutubePlayerService.prototype.togglePlayer = function () {","    };","    YoutubePlayerService.prototype.isPlaying = function () {","        // because YT is not loaded yet 1 is used - YT.PlayerState.PLAYING","        var isPlayerReady = this.player && this.player.getPlayerState;","        var playerState = isPlayerReady ? this.player.getPlayerState() : {};","        var isPlayerPlaying = isPlayerReady","            ? playerState !== YT.PlayerState.ENDED && playerState !== YT.PlayerState.PAUSED","            : false;","        return isPlayerPlaying;","    };","    // createPlayer (elementId, height, width, videoId, callback) {","    YoutubePlayerService.prototype.createPlayer = function (callback) {","        var _this = this;","        var store = this.store;","        var service = this;","        var defaultSizes = this.defaultSizes;","        return new browser_1.window.YT.Player('player', {","            height: defaultSizes.height,","            width: defaultSizes.width,","            videoId: '',","            // playerVars: playerVars,","            events: {","                onReady: function () { },","                onStateChange: function (ev) { return _this.zone.run(function () { return onPlayerStateChange(ev); }); }","            }","        });","        function onPlayerStateChange(event) {","            var state = event.data;","            var autoNext = false;","            // play the next song if its not the end of the playlist","            // should add a \"repeat\" feature","            if (state === YT.PlayerState.ENDED) {","                service.listeners.ended.forEach(function (callback) { return callback(state); });","            }","            if (state === YT.PlayerState.PAUSED) {","            }","            if (state === YT.PlayerState.PLAYING) {","            }","        }","    };","    YoutubePlayerService.prototype.registerListener = function (eventName, callback) {","        this.listeners[eventName].push(callback);","    };","    YoutubePlayerService.prototype.setSize = function () {","        var height;","        var width;","        if (!this.isFullscreen) {","            height = browser_1.window.innerHeight;","            width = browser_1.window.innerWidth;","        }","        else {","            height = this.defaultSizes.height;","            width = this.defaultSizes.width;","        }","        this.player.setSize(width, height);","    };","    YoutubePlayerService = __decorate([","        core_1.Injectable(), ","        __metadata('design:paramtypes', [(typeof (_a = typeof store_1.Store !== 'undefined' && store_1.Store) === 'function' && _a) || Object, (typeof (_b = typeof core_1.NgZone !== 'undefined' && core_1.NgZone) === 'function' && _b) || Object])","    ], YoutubePlayerService);","    return YoutubePlayerService;","    var _a, _b;","}());","exports.YoutubePlayerService = YoutubePlayerService;",""],"l":{"2":1,"3":1,"4":1,"5":1,"6":1,"7":0,"8":0,"9":0,"12":0,"13":0,"17":0,"19":1,"20":0,"25":0,"26":0,"27":0,"30":0,"31":0,"34":1,"35":0,"37":1,"38":0,"40":1,"41":0,"42":0,"43":0,"46":1,"48":1,"50":0,"51":0,"52":0,"55":0,"58":1,"59":0,"60":0,"61":0,"62":0,"63":0,"70":0,"73":1,"74":0,"75":0,"78":0,"79":0,"81":0,"83":0,"87":1,"88":0,"90":1,"91":0,"92":0,"93":0,"94":0,"95":0,"98":0,"99":0,"101":0,"103":1,"107":1,"108":0,"110":1}},
"/Users/pearpages/code/learning/pro-angular2-adam-freeman/echoes/src/app/core/services/now-playlist.service.ts":{"path":"/Users/pearpages/code/learning/pro-angular2-adam-freeman/echoes/src/app/core/services/now-playlist.service.ts","s":{"1":1,"2":1,"3":1,"4":1,"5":0,"6":1,"7":0,"8":0,"9":1,"10":1,"11":1,"12":1,"13":1,"14":1,"15":1,"16":1,"17":1,"18":1,"19":0,"20":1},"b":{"1":[1,1,0],"2":[1,1]},"f":{"1":1,"2":0,"3":0,"4":0,"5":0,"6":0,"7":0,"8":0,"9":0,"10":0,"11":0,"12":0},"fnMap":{"1":{"name":"(anonymous_1)","line":4,"loc":{"start":{"line":4,"column":26},"end":{"line":4,"column":38}}},"2":{"name":"NowPlaylistService","line":5,"loc":{"start":{"line":5,"column":4},"end":{"line":5,"column":51}}},"3":{"name":"(anonymous_3)","line":8,"loc":{"start":{"line":8,"column":46},"end":{"line":8,"column":65}}},"4":{"name":"(anonymous_4)","line":11,"loc":{"start":{"line":11,"column":17},"end":{"line":11,"column":34}}},"5":{"name":"(anonymous_5)","line":13,"loc":{"start":{"line":13,"column":47},"end":{"line":13,"column":65}}},"6":{"name":"(anonymous_6)","line":15,"loc":{"start":{"line":15,"column":47},"end":{"line":15,"column":64}}},"7":{"name":"(anonymous_7)","line":17,"loc":{"start":{"line":17,"column":47},"end":{"line":17,"column":64}}},"8":{"name":"(anonymous_8)","line":19,"loc":{"start":{"line":19,"column":48},"end":{"line":19,"column":66}}},"9":{"name":"(anonymous_9)","line":21,"loc":{"start":{"line":21,"column":49},"end":{"line":21,"column":61}}},"10":{"name":"(anonymous_10)","line":23,"loc":{"start":{"line":23,"column":51},"end":{"line":23,"column":63}}},"11":{"name":"(anonymous_11)","line":25,"loc":{"start":{"line":25,"column":46},"end":{"line":25,"column":58}}},"12":{"name":"(anonymous_12)","line":27,"loc":{"start":{"line":27,"column":54},"end":{"line":27,"column":73}}}},"statementMap":{"1":{"start":{"line":2,"column":0},"end":{"line":2,"column":38}},"2":{"start":{"line":3,"column":0},"end":{"line":3,"column":77}},"3":{"start":{"line":4,"column":0},"end":{"line":35,"column":5}},"4":{"start":{"line":5,"column":4},"end":{"line":7,"column":5}},"5":{"start":{"line":6,"column":8},"end":{"line":6,"column":51}},"6":{"start":{"line":8,"column":4},"end":{"line":12,"column":6}},"7":{"start":{"line":9,"column":8},"end":{"line":11,"column":56}},"8":{"start":{"line":11,"column":36},"end":{"line":11,"column":52}},"9":{"start":{"line":13,"column":4},"end":{"line":14,"column":6}},"10":{"start":{"line":15,"column":4},"end":{"line":16,"column":6}},"11":{"start":{"line":17,"column":4},"end":{"line":18,"column":6}},"12":{"start":{"line":19,"column":4},"end":{"line":20,"column":6}},"13":{"start":{"line":21,"column":4},"end":{"line":22,"column":6}},"14":{"start":{"line":23,"column":4},"end":{"line":24,"column":6}},"15":{"start":{"line":25,"column":4},"end":{"line":26,"column":6}},"16":{"start":{"line":27,"column":4},"end":{"line":28,"column":6}},"17":{"start":{"line":29,"column":4},"end":{"line":32,"column":27}},"18":{"start":{"line":33,"column":4},"end":{"line":33,"column":30}},"19":{"start":{"line":34,"column":4},"end":{"line":34,"column":11}},"20":{"start":{"line":36,"column":0},"end":{"line":36,"column":48}}},"branchMap":{"1":{"line":31,"type":"binary-expr","locations":[{"start":{"line":31,"column":42},"end":{"line":31,"column":192}},{"start":{"line":31,"column":196},"end":{"line":31,"column":198}},{"start":{"line":31,"column":203},"end":{"line":31,"column":209}}]},"2":{"line":31,"type":"binary-expr","locations":[{"start":{"line":31,"column":55},"end":{"line":31,"column":125}},{"start":{"line":31,"column":129},"end":{"line":31,"column":176}}]}},"code":["\"use strict\";","var core_1 = require('@angular/core');","var youtube_videos_info_service_1 = require('./youtube-videos-info.service');","var NowPlaylistService = (function () {","    function NowPlaylistService(youtubeVideosInfo) {","        this.youtubeVideosInfo = youtubeVideosInfo;","    }","    NowPlaylistService.prototype.queueVideo = function (mediaId) {","        return this.youtubeVideosInfo.api","            .list(mediaId)","            .map(function (items) { return items[0]; });","    };","    NowPlaylistService.prototype.queueVideos = function (medias) {","    };","    NowPlaylistService.prototype.removeVideo = function (media) {","    };","    NowPlaylistService.prototype.selectVideo = function (media) {","    };","    NowPlaylistService.prototype.updateFilter = function (filter) {","    };","    NowPlaylistService.prototype.clearPlaylist = function () {","    };","    NowPlaylistService.prototype.selectNextIndex = function () {","    };","    NowPlaylistService.prototype.getCurrent = function () {","    };","    NowPlaylistService.prototype.updateIndexByMedia = function (mediaId) {","    };","    NowPlaylistService = __decorate([","        core_1.Injectable(), ","        __metadata('design:paramtypes', [(typeof (_a = typeof youtube_videos_info_service_1.YoutubeVideosInfo !== 'undefined' && youtube_videos_info_service_1.YoutubeVideosInfo) === 'function' && _a) || Object])","    ], NowPlaylistService);","    return NowPlaylistService;","    var _a;","}());","exports.NowPlaylistService = NowPlaylistService;",""],"l":{"2":1,"3":1,"4":1,"5":1,"6":0,"8":1,"9":0,"11":0,"13":1,"15":1,"17":1,"19":1,"21":1,"23":1,"25":1,"27":1,"29":1,"33":1,"34":0,"36":1}},
"/Users/pearpages/code/learning/pro-angular2-adam-freeman/echoes/src/app/core/services/gapi-loader.service.ts":{"path":"/Users/pearpages/code/learning/pro-angular2-adam-freeman/echoes/src/app/core/services/gapi-loader.service.ts","s":{"1":1,"2":1,"3":1,"4":1,"5":1,"6":1,"7":0,"8":1,"9":0,"10":0,"11":0,"12":0,"13":0,"14":1,"15":0,"16":0,"17":0,"18":0,"19":0,"20":0,"21":0,"22":0,"23":0,"24":1,"25":1,"26":1},"b":{"1":[0,0,0],"2":[0,0],"3":[0,0],"4":[0,0],"5":[0,0]},"f":{"1":1,"2":0,"3":0,"4":0,"5":0,"6":0,"7":0,"8":0},"fnMap":{"1":{"name":"(anonymous_1)","line":5,"loc":{"start":{"line":5,"column":18},"end":{"line":5,"column":30}}},"2":{"name":"GapiLoader","line":6,"loc":{"start":{"line":6,"column":4},"end":{"line":6,"column":26}}},"3":{"name":"(anonymous_3)","line":8,"loc":{"start":{"line":8,"column":32},"end":{"line":8,"column":47}}},"4":{"name":"(anonymous_4)","line":11,"loc":{"start":{"line":11,"column":36},"end":{"line":11,"column":61}}},"5":{"name":"(anonymous_5)","line":16,"loc":{"start":{"line":16,"column":40},"end":{"line":16,"column":60}}},"6":{"name":"(anonymous_6)","line":18,"loc":{"start":{"line":18,"column":37},"end":{"line":18,"column":52}}},"7":{"name":"(anonymous_7)","line":20,"loc":{"start":{"line":20,"column":48},"end":{"line":20,"column":68}}},"8":{"name":"(anonymous_8)","line":22,"loc":{"start":{"line":22,"column":30},"end":{"line":22,"column":42}}}},"statementMap":{"1":{"start":{"line":2,"column":0},"end":{"line":2,"column":38}},"2":{"start":{"line":3,"column":0},"end":{"line":3,"column":72}},"3":{"start":{"line":4,"column":0},"end":{"line":4,"column":46}},"4":{"start":{"line":5,"column":0},"end":{"line":37,"column":5}},"5":{"start":{"line":6,"column":4},"end":{"line":7,"column":5}},"6":{"start":{"line":8,"column":4},"end":{"line":10,"column":6}},"7":{"start":{"line":9,"column":8},"end":{"line":9,"column":35}},"8":{"start":{"line":11,"column":4},"end":{"line":17,"column":6}},"9":{"start":{"line":12,"column":8},"end":{"line":12,"column":131}},"10":{"start":{"line":13,"column":8},"end":{"line":15,"column":9}},"11":{"start":{"line":14,"column":12},"end":{"line":14,"column":49}},"12":{"start":{"line":16,"column":8},"end":{"line":16,"column":97}},"13":{"start":{"line":16,"column":62},"end":{"line":16,"column":93}},"14":{"start":{"line":18,"column":4},"end":{"line":31,"column":6}},"15":{"start":{"line":19,"column":8},"end":{"line":19,"column":25}},"16":{"start":{"line":20,"column":8},"end":{"line":29,"column":11}},"17":{"start":{"line":21,"column":12},"end":{"line":21,"column":83}},"18":{"start":{"line":22,"column":12},"end":{"line":22,"column":84}},"19":{"start":{"line":22,"column":44},"end":{"line":22,"column":81}},"20":{"start":{"line":23,"column":12},"end":{"line":28,"column":13}},"21":{"start":{"line":24,"column":16},"end":{"line":24,"column":30}},"22":{"start":{"line":27,"column":16},"end":{"line":27,"column":60}},"23":{"start":{"line":30,"column":8},"end":{"line":30,"column":25}},"24":{"start":{"line":32,"column":4},"end":{"line":35,"column":19}},"25":{"start":{"line":36,"column":4},"end":{"line":36,"column":22}},"26":{"start":{"line":38,"column":0},"end":{"line":38,"column":32}}},"branchMap":{"1":{"line":12,"type":"binary-expr","locations":[{"start":{"line":12,"column":29},"end":{"line":12,"column":50}},{"start":{"line":12,"column":54},"end":{"line":12,"column":81}},{"start":{"line":12,"column":85},"end":{"line":12,"column":130}}]},"2":{"line":13,"type":"if","locations":[{"start":{"line":13,"column":8},"end":{"line":13,"column":8}},{"start":{"line":13,"column":8},"end":{"line":13,"column":8}}]},"3":{"line":13,"type":"binary-expr","locations":[{"start":{"line":13,"column":12},"end":{"line":13,"column":26}},{"start":{"line":13,"column":30},"end":{"line":13,"column":56}}]},"4":{"line":21,"type":"binary-expr","locations":[{"start":{"line":21,"column":31},"end":{"line":21,"column":52}},{"start":{"line":21,"column":56},"end":{"line":21,"column":82}}]},"5":{"line":23,"type":"if","locations":[{"start":{"line":23,"column":12},"end":{"line":23,"column":12}},{"start":{"line":23,"column":12},"end":{"line":23,"column":12}}]}},"code":["\"use strict\";","var core_1 = require('@angular/core');","var browser_1 = require('@angular/platform-browser/src/facade/browser');","var Observable_1 = require('rxjs/Observable');","var GapiLoader = (function () {","    function GapiLoader() {","    }","    GapiLoader.prototype.load = function (api) {","        return this.createApi(api);","    };","    GapiLoader.prototype._loadApi = function (api, observer) {","        var gapiAuthLoaded = browser_1.window.gapi && browser_1.window.gapi.auth2 && browser_1.window.gapi.auth2.getAuthInstance();","        if (gapiAuthLoaded && gapiAuthLoaded.currentUser) {","            return observer.next(gapiAuthLoaded);","        }","        browser_1.window.gapi.load(api, function (response) { return observer.next(response); });","    };","    GapiLoader.prototype.createApi = function (api) {","        var _this = this;","        this._api = new Observable_1.Observable(function (observer) {","            var isGapiLoaded = browser_1.window.gapi && browser_1.window.gapi.load;","            var onApiLoaded = function () { return _this._loadApi(api, observer); };","            if (isGapiLoaded) {","                onApiLoaded();","            }","            else {","                browser_1.window['apiLoaded'] = onApiLoaded;","            }","        });","        return this._api;","    };","    GapiLoader = __decorate([","        core_1.Injectable(), ","        __metadata('design:paramtypes', [])","    ], GapiLoader);","    return GapiLoader;","}());","exports.GapiLoader = GapiLoader;",""],"l":{"2":1,"3":1,"4":1,"5":1,"6":1,"8":1,"9":0,"11":1,"12":0,"13":0,"14":0,"16":0,"18":1,"19":0,"20":0,"21":0,"22":0,"23":0,"24":0,"27":0,"30":0,"32":1,"36":1,"38":1}},
"/Users/pearpages/code/learning/pro-angular2-adam-freeman/echoes/src/app/core/services/authorization.service.ts":{"path":"/Users/pearpages/code/learning/pro-angular2-adam-freeman/echoes/src/app/core/services/authorization.service.ts","s":{"1":1,"2":1,"3":1,"4":1,"5":1,"6":1,"7":0,"8":0,"9":0,"10":0,"11":1,"12":0,"13":0,"14":0,"15":0,"16":0,"17":0,"18":0,"19":0,"20":0,"21":1,"22":0,"23":0,"24":1,"25":0,"26":0,"27":0,"28":0,"29":0,"30":0,"31":0,"32":0,"33":0,"34":1,"35":0,"36":0,"37":1,"38":0,"39":1,"40":0,"41":1,"42":1,"43":0,"44":1},"b":{"1":[0,0],"2":[0,0],"3":[0,0],"4":[0,0],"5":[1,1,0],"6":[1,1],"7":[1,1,0],"8":[1,1]},"f":{"1":1,"2":0,"3":0,"4":0,"5":0,"6":0,"7":0,"8":0,"9":0,"10":0,"11":0,"12":0,"13":0},"fnMap":{"1":{"name":"(anonymous_1)","line":6,"loc":{"start":{"line":6,"column":21},"end":{"line":6,"column":33}}},"2":{"name":"Authorization","line":7,"loc":{"start":{"line":7,"column":4},"end":{"line":7,"column":45}}},"3":{"name":"(anonymous_3)","line":13,"loc":{"start":{"line":13,"column":39},"end":{"line":13,"column":51}}},"4":{"name":"(anonymous_4)","line":18,"loc":{"start":{"line":18,"column":23},"end":{"line":18,"column":47}}},"5":{"name":"(anonymous_5)","line":23,"loc":{"start":{"line":23,"column":22},"end":{"line":23,"column":44}}},"6":{"name":"(anonymous_6)","line":32,"loc":{"start":{"line":32,"column":40},"end":{"line":32,"column":52}}},"7":{"name":"(anonymous_7)","line":38,"loc":{"start":{"line":38,"column":37},"end":{"line":38,"column":49}}},"8":{"name":"(anonymous_8)","line":40,"loc":{"start":{"line":40,"column":18},"end":{"line":40,"column":32}}},"9":{"name":"(anonymous_9)","line":40,"loc":{"start":{"line":40,"column":41},"end":{"line":40,"column":54}}},"10":{"name":"(anonymous_10)","line":40,"loc":{"start":{"line":40,"column":78},"end":{"line":40,"column":90}}},"11":{"name":"(anonymous_11)","line":49,"loc":{"start":{"line":49,"column":45},"end":{"line":49,"column":65}}},"12":{"name":"(anonymous_12)","line":53,"loc":{"start":{"line":53,"column":44},"end":{"line":53,"column":64}}},"13":{"name":"(anonymous_13)","line":56,"loc":{"start":{"line":56,"column":39},"end":{"line":56,"column":51}}}},"statementMap":{"1":{"start":{"line":2,"column":0},"end":{"line":2,"column":38}},"2":{"start":{"line":3,"column":0},"end":{"line":3,"column":72}},"3":{"start":{"line":4,"column":0},"end":{"line":4,"column":41}},"4":{"start":{"line":5,"column":0},"end":{"line":5,"column":61}},"5":{"start":{"line":6,"column":0},"end":{"line":65,"column":5}},"6":{"start":{"line":7,"column":4},"end":{"line":12,"column":5}},"7":{"start":{"line":8,"column":8},"end":{"line":8,"column":25}},"8":{"start":{"line":9,"column":8},"end":{"line":9,"column":37}},"9":{"start":{"line":10,"column":8},"end":{"line":10,"column":32}},"10":{"start":{"line":11,"column":8},"end":{"line":11,"column":24}},"11":{"start":{"line":13,"column":4},"end":{"line":31,"column":6}},"12":{"start":{"line":14,"column":8},"end":{"line":14,"column":25}},"13":{"start":{"line":16,"column":8},"end":{"line":30,"column":11}},"14":{"start":{"line":19,"column":12},"end":{"line":21,"column":13}},"15":{"start":{"line":20,"column":16},"end":{"line":20,"column":56}},"16":{"start":{"line":22,"column":12},"end":{"line":29,"column":15}},"17":{"start":{"line":24,"column":16},"end":{"line":24,"column":61}},"18":{"start":{"line":25,"column":16},"end":{"line":25,"column":47}},"19":{"start":{"line":26,"column":16},"end":{"line":28,"column":17}},"20":{"start":{"line":27,"column":20},"end":{"line":27,"column":35}},"21":{"start":{"line":32,"column":4},"end":{"line":37,"column":6}},"22":{"start":{"line":33,"column":8},"end":{"line":35,"column":10}},"23":{"start":{"line":36,"column":8},"end":{"line":36,"column":61}},"24":{"start":{"line":38,"column":4},"end":{"line":48,"column":6}},"25":{"start":{"line":39,"column":8},"end":{"line":39,"column":25}},"26":{"start":{"line":40,"column":8},"end":{"line":40,"column":127}},"27":{"start":{"line":40,"column":34},"end":{"line":40,"column":124}},"28":{"start":{"line":40,"column":56},"end":{"line":40,"column":121}},"29":{"start":{"line":40,"column":92},"end":{"line":40,"column":117}},"30":{"start":{"line":41,"column":8},"end":{"line":41,"column":76}},"31":{"start":{"line":42,"column":8},"end":{"line":42,"column":43}},"32":{"start":{"line":43,"column":8},"end":{"line":47,"column":9}},"33":{"start":{"line":44,"column":12},"end":{"line":46,"column":73}},"34":{"start":{"line":49,"column":4},"end":{"line":52,"column":6}},"35":{"start":{"line":50,"column":8},"end":{"line":50,"column":60}},"36":{"start":{"line":51,"column":8},"end":{"line":51,"column":31}},"37":{"start":{"line":53,"column":4},"end":{"line":55,"column":6}},"38":{"start":{"line":54,"column":8},"end":{"line":54,"column":50}},"39":{"start":{"line":56,"column":4},"end":{"line":58,"column":6}},"40":{"start":{"line":57,"column":8},"end":{"line":57,"column":31}},"41":{"start":{"line":59,"column":4},"end":{"line":62,"column":22}},"42":{"start":{"line":63,"column":4},"end":{"line":63,"column":25}},"43":{"start":{"line":64,"column":4},"end":{"line":64,"column":15}},"44":{"start":{"line":66,"column":0},"end":{"line":66,"column":38}}},"branchMap":{"1":{"line":19,"type":"if","locations":[{"start":{"line":19,"column":12},"end":{"line":19,"column":12}},{"start":{"line":19,"column":12},"end":{"line":19,"column":12}}]},"2":{"line":19,"type":"binary-expr","locations":[{"start":{"line":19,"column":16},"end":{"line":19,"column":28}},{"start":{"line":19,"column":32},"end":{"line":19,"column":56}}]},"3":{"line":26,"type":"if","locations":[{"start":{"line":26,"column":16},"end":{"line":26,"column":16}},{"start":{"line":26,"column":16},"end":{"line":26,"column":16}}]},"4":{"line":43,"type":"if","locations":[{"start":{"line":43,"column":8},"end":{"line":43,"column":8}},{"start":{"line":43,"column":8},"end":{"line":43,"column":8}}]},"5":{"line":61,"type":"binary-expr","locations":[{"start":{"line":61,"column":42},"end":{"line":61,"column":124}},{"start":{"line":61,"column":128},"end":{"line":61,"column":130}},{"start":{"line":61,"column":135},"end":{"line":61,"column":141}}]},"6":{"line":61,"type":"binary-expr","locations":[{"start":{"line":61,"column":55},"end":{"line":61,"column":91}},{"start":{"line":61,"column":95},"end":{"line":61,"column":108}}]},"7":{"line":61,"type":"binary-expr","locations":[{"start":{"line":61,"column":144},"end":{"line":61,"column":264}},{"start":{"line":61,"column":268},"end":{"line":61,"column":270}},{"start":{"line":61,"column":275},"end":{"line":61,"column":281}}]},"8":{"line":61,"type":"binary-expr","locations":[{"start":{"line":61,"column":157},"end":{"line":61,"column":212}},{"start":{"line":61,"column":216},"end":{"line":61,"column":248}}]}},"code":["\"use strict\";","var core_1 = require('@angular/core');","var browser_1 = require('@angular/platform-browser/src/facade/browser');","var constants_1 = require('./constants');","var gapi_loader_service_1 = require(\"./gapi-loader.service\");","var Authorization = (function () {","    function Authorization(zone, gapiLoader) {","        this.zone = zone;","        this.gapiLoader = gapiLoader;","        this.isSignedIn = false;","        this.loadAuth();","    }","    Authorization.prototype.loadAuth = function () {","        var _this = this;","        // attempt to SILENT authorize","        this.gapiLoader","            .load('auth2')","            .subscribe(function (authInstance) {","            if (authInstance && authInstance.currentUser) {","                return _this._googleAuth = authInstance;","            }","            _this.authorize()","                .then(function (GoogleAuth) {","                var isSignedIn = GoogleAuth.isSignedIn.get();","                _this._googleAuth = GoogleAuth;","                if (isSignedIn) {","                    _this.signIn();","                }","            });","        });","    };","    Authorization.prototype.authorize = function () {","        var authOptions = {","            client_id: constants_1.CLIENT_ID + \".apps.googleusercontent.com\"","        };","        return browser_1.window.gapi.auth2.init(authOptions);","    };","    Authorization.prototype.signIn = function () {","        var _this = this;","        var run = function (fn) { return function (r) { return _this.zone.run(function () { return fn.call(_this, r); }); }; };","        var scope = 'profile email https://www.googleapis.com/auth/youtube';","        var signOptions = { scope: scope };","        if (this._googleAuth) {","            this._googleAuth","                .signIn(signOptions)","                .then(run(this.onLoginSuccess), run(this.onLoginFailed));","        }","    };","    Authorization.prototype.onLoginSuccess = function (response) {","        var token = response.getAuthResponse().access_token;","        this.isSignedIn = true;","    };","    Authorization.prototype.onLoginFailed = function (response) {","        console.log('FAILED TO LOGIN:', response);","    };","    Authorization.prototype.isSignIn = function () {","        return this.isSignedIn;","    };","    Authorization = __decorate([","        core_1.Injectable(), ","        __metadata('design:paramtypes', [(typeof (_a = typeof core_1.NgZone !== 'undefined' && core_1.NgZone) === 'function' && _a) || Object, (typeof (_b = typeof gapi_loader_service_1.GapiLoader !== 'undefined' && gapi_loader_service_1.GapiLoader) === 'function' && _b) || Object])","    ], Authorization);","    return Authorization;","    var _a, _b;","}());","exports.Authorization = Authorization;",""],"l":{"2":1,"3":1,"4":1,"5":1,"6":1,"7":1,"8":0,"9":0,"10":0,"11":0,"13":1,"14":0,"16":0,"19":0,"20":0,"22":0,"24":0,"25":0,"26":0,"27":0,"32":1,"33":0,"36":0,"38":1,"39":0,"40":0,"41":0,"42":0,"43":0,"44":0,"49":1,"50":0,"51":0,"53":1,"54":0,"56":1,"57":0,"59":1,"63":1,"64":0,"66":1}},
"/Users/pearpages/code/learning/pro-angular2-adam-freeman/echoes/src/app/core/store/youtube-videos/youtube-videos.reducer.ts":{"path":"/Users/pearpages/code/learning/pro-angular2-adam-freeman/echoes/src/app/core/store/youtube-videos/youtube-videos.reducer.ts","s":{"1":1,"2":1,"3":3,"4":0,"5":3,"6":1,"7":1,"8":1,"9":1},"b":{"1":[0,3],"2":[1,1,1]},"f":{"1":3},"fnMap":{"1":{"name":"videos","line":4,"loc":{"start":{"line":4,"column":0},"end":{"line":4,"column":31}}}},"statementMap":{"1":{"start":{"line":2,"column":0},"end":{"line":2,"column":67}},"2":{"start":{"line":4,"column":0},"end":{"line":14,"column":1}},"3":{"start":{"line":5,"column":4},"end":{"line":5,"column":41}},"4":{"start":{"line":5,"column":28},"end":{"line":5,"column":39}},"5":{"start":{"line":6,"column":4},"end":{"line":13,"column":5}},"6":{"start":{"line":8,"column":12},"end":{"line":8,"column":48}},"7":{"start":{"line":10,"column":12},"end":{"line":10,"column":22}},"8":{"start":{"line":12,"column":12},"end":{"line":12,"column":25}},"9":{"start":{"line":15,"column":0},"end":{"line":15,"column":24}}},"branchMap":{"1":{"line":5,"type":"if","locations":[{"start":{"line":5,"column":4},"end":{"line":5,"column":4}},{"start":{"line":5,"column":4},"end":{"line":5,"column":4}}]},"2":{"line":6,"type":"switch","locations":[{"start":{"line":7,"column":8},"end":{"line":8,"column":48}},{"start":{"line":9,"column":8},"end":{"line":10,"column":22}},{"start":{"line":11,"column":8},"end":{"line":12,"column":25}}]}},"code":["\"use strict\";","var youtube_videos_actions_1 = require('./youtube-videos.actions');",";","function videos(state, action) {","    if (state === void 0) { state = []; }","    switch (action.type) {","        case youtube_videos_actions_1.YoutubeVideosActions.ADD:","            return state.concat(action.payload);","        case youtube_videos_actions_1.YoutubeVideosActions.RESET:","            return [];","        default:","            return state;","    }","}","exports.videos = videos;",""],"l":{"2":1,"4":1,"5":3,"6":3,"8":1,"10":1,"12":1,"15":1}},
"/Users/pearpages/code/learning/pro-angular2-adam-freeman/echoes/src/app/core/store/youtube-videos/youtube-videos.actions.ts":{"path":"/Users/pearpages/code/learning/pro-angular2-adam-freeman/echoes/src/app/core/store/youtube-videos/youtube-videos.actions.ts","s":{"1":1,"2":1,"3":1,"4":1,"5":1,"6":1,"7":1,"8":1,"9":1,"10":1,"11":1,"12":1},"b":{},"f":{"1":1,"2":1,"3":1,"4":1},"fnMap":{"1":{"name":"(anonymous_1)","line":3,"loc":{"start":{"line":3,"column":28},"end":{"line":3,"column":40}}},"2":{"name":"YoutubeVideosActions","line":4,"loc":{"start":{"line":4,"column":4},"end":{"line":4,"column":36}}},"3":{"name":"(anonymous_3)","line":6,"loc":{"start":{"line":6,"column":47},"end":{"line":6,"column":65}}},"4":{"name":"(anonymous_4)","line":12,"loc":{"start":{"line":12,"column":43},"end":{"line":12,"column":55}}}},"statementMap":{"1":{"start":{"line":2,"column":0},"end":{"line":2,"column":38}},"2":{"start":{"line":3,"column":0},"end":{"line":24,"column":5}},"3":{"start":{"line":4,"column":4},"end":{"line":5,"column":5}},"4":{"start":{"line":6,"column":4},"end":{"line":11,"column":6}},"5":{"start":{"line":7,"column":8},"end":{"line":10,"column":10}},"6":{"start":{"line":12,"column":4},"end":{"line":16,"column":6}},"7":{"start":{"line":13,"column":8},"end":{"line":15,"column":10}},"8":{"start":{"line":17,"column":4},"end":{"line":17,"column":60}},"9":{"start":{"line":18,"column":4},"end":{"line":18,"column":57}},"10":{"start":{"line":19,"column":4},"end":{"line":22,"column":29}},"11":{"start":{"line":23,"column":4},"end":{"line":23,"column":32}},"12":{"start":{"line":25,"column":0},"end":{"line":25,"column":52}}},"branchMap":{},"code":["\"use strict\";","var core_1 = require('@angular/core');","var YoutubeVideosActions = (function () {","    function YoutubeVideosActions() {","    }","    YoutubeVideosActions.prototype.addVideos = function (videos) {","        return {","            type: YoutubeVideosActions.ADD,","            payload: videos","        };","    };","    YoutubeVideosActions.prototype.reset = function () {","        return {","            type: YoutubeVideosActions.RESET","        };","    };","    YoutubeVideosActions.ADD = '[YoutubeVideos] ADD_VIDEOS';","    YoutubeVideosActions.RESET = '[YoutubeVideos] RESET';","    YoutubeVideosActions = __decorate([","        core_1.Injectable(), ","        __metadata('design:paramtypes', [])","    ], YoutubeVideosActions);","    return YoutubeVideosActions;","}());","exports.YoutubeVideosActions = YoutubeVideosActions;",""],"l":{"2":1,"3":1,"4":1,"6":1,"7":1,"12":1,"13":1,"17":1,"18":1,"19":1,"23":1,"25":1}}}
